npm ERR! code ERESOLVE
npm ERR! ERESOLVE could not resolve
npm ERR! 
npm ERR! While resolving: @react-three/drei@10.0.5
npm ERR! Found: react@18.3.1
npm ERR! node_modules/react
npm ERR!   peer react@">=16.8.0" from @floating-ui/react-dom@2.1.2
npm ERR!   node_modules/@floating-ui/react-dom
npm ERR!     @floating-ui/react-dom@"^2.0.0" from @radix-ui/react-popper@1.2.2
npm ERR!     node_modules/@radix-ui/react-popper
npm ERR!       @radix-ui/react-popper@"1.2.2" from @radix-ui/react-popover@1.1.6
npm ERR!       node_modules/@radix-ui/react-popover
npm ERR!         @radix-ui/react-popover@"^1.1.6" from the root project
npm ERR!       1 more (@radix-ui/react-select)
npm ERR!   peer react@"^16.8 || ^17.0 || ^18.0 || ^19.0 || ^19.0.0-rc" from @radix-ui/react-alert-dialog@1.1.6
npm ERR!   node_modules/@radix-ui/react-alert-dialog
npm ERR!     @radix-ui/react-alert-dialog@"^1.1.6" from the root project
npm ERR!   56 more (@radix-ui/react-arrow, @radix-ui/react-checkbox, ...)
npm ERR! 
npm ERR! Could not resolve dependency:
npm ERR! peer react@"^19" from @react-three/drei@10.0.5
npm ERR! node_modules/@react-three/drei
npm ERR!   @react-three/drei@"^10.0.5" from the root project
npm ERR! 
npm ERR! Conflicting peer dependency: react@19.1.0
npm ERR! node_modules/react
npm ERR!   peer react@"^19" from @react-three/drei@10.0.5
npm ERR!   node_modules/@react-three/drei
npm ERR!     @react-three/drei@"^10.0.5" from the root project
npm ERR! 
npm ERR! Fix the upstream dependency conflict, or retry
npm ERR! this command with --force or --legacy-peer-deps
npm ERR! to accept an incorrect (and potentially broken) dependency resolution.
npm ERR! 
npm ERR! 
npm ERR! For a full report see:
npm ERR! C:\Users\loydc\AppData\Local\npm-cache\_logs\2025-03-30T05_03_49_653Z-eresolve-report.txt

npm ERR! A complete log of this run can be found in: C:\Users\loydc\AppData\Local\npm-cache\_logs\2025-03-30T05_03_49_653Z-debug-0.log
